<?xml version="1.0" encoding="UTF-8"?>
<!-- Generated by org.testng.reporters.JUnitReportReporter -->
<testsuite skipped="0" hostname="CRespiraul01" name="AuthenticationTests" tests="4" failures="0" timestamp="2021-07-25T22:08:31 CST" time="3.644" errors="0">
  <testcase name="testInvalidLogin" time="0.299" classname="AuthenticationTests"/>
  <system-out/>
  <testcase name="testRegister" time="0.372" classname="AuthenticationTests"/>
  <system-out/>
  <testcase name="testDuplicateRegister" time="2.554" classname="AuthenticationTests"/>
  <system-out/>
  <testcase name="testLogin" time="0.419" classname="AuthenticationTests"/>
  <system-out/>
</testsuite> <!-- AuthenticationTests -->
