<?xml version="1.0" encoding="UTF-8"?>
<!-- Generated by org.testng.reporters.JUnitReportReporter -->
<testsuite skipped="0" hostname="CRespiraul01" name="MiscellaneousTests" tests="3" failures="0" timestamp="2021-07-25T22:08:31 CST" time="2.759" errors="0">
  <testcase name="notFoundTest" time="0.208" classname="MiscellaneousTests"/>
  <system-out/>
  <testcase name="HomeTest" time="1.570" classname="MiscellaneousTests"/>
  <system-out/>
  <testcase name="PingTest" time="0.981" classname="MiscellaneousTests"/>
  <system-out/>
</testsuite> <!-- MiscellaneousTests -->
